This file contains any messages produced by compilers while
running configure, to aid debugging if configure makes a mistake.

configure:664: checking for gcc
configure:777: checking whether the C compiler (gcc  ) works
configure:793: gcc -o conftest    conftest.c  1>&5
configure:790:1: warning: return type defaults to 'int' [-Wimplicit-int]
 main(){return(0);}
 ^~~~
configure:819: checking whether the C compiler (gcc  ) is a cross-compiler
configure:824: checking whether we are using GNU C
configure:852: checking whether gcc accepts -g
configure:896: checking for a BSD compatible install
configure:954: checking whether make sets ${MAKE}
configure:988: checking for ranlib
configure:1021: checking for Cygwin environment
configure:1059: checking for object suffix
configure:1083: checking for mingw32 environment
configure:1114: checking for executable suffix
configure:1193: checking for Tcl configuration
configure:1264: checking for existence of /usr/lib/tcl8.6/tclConfig.sh
configure:1309: checking for Tcl public headers
